app/build/intermediates/manifest_merge_blame_file/debug/manifest-merger-blame-debug-report.txt
1<?xml version="1.0" encoding="utf-8"?>
2<manifest xmlns:android="http://schemas.android.com/apk/res/android"
3    package="com.example.myapplication"
4    android:versionCode="1"
5    android:versionName="1.0" >
6
7    <uses-sdk
8        android:minSdkVersion="21"
8-->src/main/AndroidManifest.xml
9        android:targetSdkVersion="33" />
9-->src/main/AndroidManifest.xml
10
11    <uses-feature
11-->src/main/AndroidManifest.xml:5:5-6:35
12        android:name="android.hardware.camera"
12-->src/main/AndroidManifest.xml:5:19-57
13        android:required="true" />
13-->src/main/AndroidManifest.xml:6:9-32
14
15    <permission
15-->[androidx.core:core:1.9.0] AndroidManifest.xml:22:5-24:47
16        android:name="com.example.myapplication.DYNAMIC_RECEIVER_NOT_EXPORTED_PERMISSION"
16-->[androidx.core:core:1.9.0] AndroidManifest.xml:23:9-81
17        android:protectionLevel="signature" />
17-->[androidx.core:core:1.9.0] AndroidManifest.xml:24:9-44
18
19    <uses-permission android:name="com.example.myapplication.DYNAMIC_RECEIVER_NOT_EXPORTED_PERMISSION" />
19-->[androidx.core:core:1.9.0] AndroidManifest.xml:26:5-97
19-->[androidx.core:core:1.9.0] AndroidManifest.xml:26:22-94
20
21    <application
21-->src/main/AndroidManifest.xml:8:5-68:19
22        android:allowBackup="true"
22-->src/main/AndroidManifest.xml:9:9-35
23        android:appComponentFactory="androidx.core.app.CoreComponentFactory"
23-->[androidx.core:core:1.9.0] AndroidManifest.xml:28:18-86
24        android:dataExtractionRules="@xml/data_extraction_rules"
24-->src/main/AndroidManifest.xml:10:9-65
25        android:debuggable="true"
26        android:fullBackupContent="@xml/backup_rules"
26-->src/main/AndroidManifest.xml:11:9-54
27        android:icon="@mipmap/ic_launcher"
27-->src/main/AndroidManifest.xml:12:9-43
28        android:label="@string/app_name"
28-->src/main/AndroidManifest.xml:13:9-41
29        android:roundIcon="@mipmap/ic_launcher_round"
29-->src/main/AndroidManifest.xml:14:9-54
30        android:supportsRtl="true"
30-->src/main/AndroidManifest.xml:15:9-35
31        android:testOnly="true"
32        android:theme="@style/Theme.MyApplication" >
32-->src/main/AndroidManifest.xml:16:9-51
33        <activity
33-->src/main/AndroidManifest.xml:18:9-26:20
34            android:name="com.example.myapplication.splash"
34-->src/main/AndroidManifest.xml:19:13-35
35            android:exported="true" >
35-->src/main/AndroidManifest.xml:20:13-36
36            <intent-filter>
36-->src/main/AndroidManifest.xml:21:9-25:25
37                <action android:name="android.intent.action.MAIN" />
37-->src/main/AndroidManifest.xml:22:13-65
37-->src/main/AndroidManifest.xml:22:21-62
38
39                <category android:name="android.intent.category.LAUNCHER" />
39-->src/main/AndroidManifest.xml:24:13-73
39-->src/main/AndroidManifest.xml:24:23-70
40            </intent-filter>
41        </activity>
42        <activity
42-->src/main/AndroidManifest.xml:27:9-33:20
43            android:name="com.example.myapplication.settings"
43-->src/main/AndroidManifest.xml:28:13-37
44            android:exported="false" >
44-->src/main/AndroidManifest.xml:29:13-37
45            <meta-data
45-->src/main/AndroidManifest.xml:30:13-32:36
46                android:name="android.app.lib_name"
46-->src/main/AndroidManifest.xml:31:17-52
47                android:value="" />
47-->src/main/AndroidManifest.xml:32:17-33
48        </activity>
49        <activity
49-->src/main/AndroidManifest.xml:34:9-40:20
50            android:name="com.example.myapplication.add"
50-->src/main/AndroidManifest.xml:35:13-32
51            android:exported="false" >
51-->src/main/AndroidManifest.xml:36:13-37
52            <meta-data
52-->src/main/AndroidManifest.xml:30:13-32:36
53                android:name="android.app.lib_name"
53-->src/main/AndroidManifest.xml:31:17-52
54                android:value="" />
54-->src/main/AndroidManifest.xml:32:17-33
55        </activity>
56        <activity
56-->src/main/AndroidManifest.xml:41:9-47:20
57            android:name="com.example.myapplication.main"
57-->src/main/AndroidManifest.xml:42:13-33
58            android:exported="false" >
58-->src/main/AndroidManifest.xml:43:13-37
59            <meta-data
59-->src/main/AndroidManifest.xml:30:13-32:36
60                android:name="android.app.lib_name"
60-->src/main/AndroidManifest.xml:31:17-52
61                android:value="" />
61-->src/main/AndroidManifest.xml:32:17-33
62        </activity>
63        <activity
63-->src/main/AndroidManifest.xml:48:9-56:20
64            android:name="com.example.myapplication.SignUp"
64-->src/main/AndroidManifest.xml:49:13-35
65            android:exported="true" >
65-->src/main/AndroidManifest.xml:50:13-36
66            <intent-filter>
66-->src/main/AndroidManifest.xml:21:9-25:25
67                <action android:name="android.intent.action.MAIN" />
67-->src/main/AndroidManifest.xml:22:13-65
67-->src/main/AndroidManifest.xml:22:21-62
68
69                <category android:name="android.intent.category.LAUNCHER" />
69-->src/main/AndroidManifest.xml:24:13-73
69-->src/main/AndroidManifest.xml:24:23-70
70            </intent-filter>
71        </activity>
72        <activity
72-->src/main/AndroidManifest.xml:57:9-65:20
73            android:name="com.example.myapplication.login"
73-->src/main/AndroidManifest.xml:58:13-34
74            android:exported="true" >
74-->src/main/AndroidManifest.xml:59:13-36
75            <intent-filter>
75-->src/main/AndroidManifest.xml:21:9-25:25
76                <action android:name="android.intent.action.MAIN" />
76-->src/main/AndroidManifest.xml:22:13-65
76-->src/main/AndroidManifest.xml:22:21-62
77
78                <category android:name="android.intent.category.LAUNCHER" />
78-->src/main/AndroidManifest.xml:24:13-73
78-->src/main/AndroidManifest.xml:24:23-70
79            </intent-filter>
80        </activity>
81
82        <service android:name="com.example.myapplication.MyService" />
82-->src/main/AndroidManifest.xml:66:9-45
82-->src/main/AndroidManifest.xml:66:18-43
83
84        <receiver android:name="com.example.myapplication.AirplaneModeChangeReceiver" />
84-->src/main/AndroidManifest.xml:67:9-63
84-->src/main/AndroidManifest.xml:67:19-61
85
86        <provider
86-->[androidx.emoji2:emoji2:1.2.0] AndroidManifest.xml:24:9-32:20
87            android:name="androidx.startup.InitializationProvider"
87-->[androidx.emoji2:emoji2:1.2.0] AndroidManifest.xml:25:13-67
88            android:authorities="com.example.myapplication.androidx-startup"
88-->[androidx.emoji2:emoji2:1.2.0] AndroidManifest.xml:26:13-68
89            android:exported="false" >
89-->[androidx.emoji2:emoji2:1.2.0] AndroidManifest.xml:27:13-37
90            <meta-data
90-->[androidx.emoji2:emoji2:1.2.0] AndroidManifest.xml:29:13-31:52
91                android:name="androidx.emoji2.text.EmojiCompatInitializer"
91-->[androidx.emoji2:emoji2:1.2.0] AndroidManifest.xml:30:17-75
92                android:value="androidx.startup" />
92-->[androidx.emoji2:emoji2:1.2.0] AndroidManifest.xml:31:17-49
93            <meta-data
93-->[androidx.lifecycle:lifecycle-process:2.4.1] AndroidManifest.xml:31:13-33:52
94                android:name="androidx.lifecycle.ProcessLifecycleInitializer"
94-->[androidx.lifecycle:lifecycle-process:2.4.1] AndroidManifest.xml:32:17-78
95                android:value="androidx.startup" />
95-->[androidx.lifecycle:lifecycle-process:2.4.1] AndroidManifest.xml:33:17-49
96        </provider>
97    </application>
98
99</manifest>